<?xml version="1.0" encoding="UTF-8"?>
<robot generator="Robot 4.1.2 (Python 3.9.7 on win32)" generated="20211026 08:09:26.689" rpa="false" schemaversion="2">
<suite id="s1" name="Select" source="C:\luiz\robot\web\tests\select.robot">
<test id="s1-t1" name="Selecionar por texto e validar pelo valor">
<kw name="Nova sessão" library="base" type="SETUP">
<kw name="Open Browser" library="SeleniumLibrary">
<arg>${url}</arg>
<arg>chrome</arg>
<doc>Opens a new browser instance to the optional ``url``.</doc>
<msg timestamp="20211026 08:09:26.832" level="INFO">Opening browser 'chrome' to base url 'https://training-wheels-protocol.herokuapp.com'.</msg>
<status status="PASS" starttime="20211026 08:09:26.832" endtime="20211026 08:09:29.416"/>
</kw>
<status status="PASS" starttime="20211026 08:09:26.832" endtime="20211026 08:09:29.416"/>
</kw>
<kw name="Go To" library="SeleniumLibrary">
<arg>${url}/dropdown</arg>
<doc>Navigates the current browser window to the provided ``url``.</doc>
<msg timestamp="20211026 08:09:29.417" level="INFO">Opening url 'https://training-wheels-protocol.herokuapp.com/dropdown'</msg>
<status status="PASS" starttime="20211026 08:09:29.417" endtime="20211026 08:09:29.564"/>
</kw>
<kw name="Select From List By Label" library="SeleniumLibrary">
<arg>class:avenger-list</arg>
<arg>Scott Lang</arg>
<doc>Selects options from selection list ``locator`` by ``labels``.</doc>
<msg timestamp="20211026 08:09:29.565" level="INFO">Selecting options from selection list 'class:avenger-list' by label Scott Lang.</msg>
<status status="PASS" starttime="20211026 08:09:29.565" endtime="20211026 08:09:29.621"/>
</kw>
<kw name="Get Selected List Value" library="SeleniumLibrary">
<var>${selected}</var>
<arg>class:avenger-list</arg>
<doc>Returns the value of selected option from selection list ``locator``.</doc>
<msg timestamp="20211026 08:09:29.667" level="INFO">${selected} = 7</msg>
<status status="PASS" starttime="20211026 08:09:29.621" endtime="20211026 08:09:29.667"/>
</kw>
<kw name="Should Be Equal" library="BuiltIn">
<arg>${selected}</arg>
<arg>7</arg>
<doc>Fails if the given objects are unequal.</doc>
<status status="PASS" starttime="20211026 08:09:29.668" endtime="20211026 08:09:29.668"/>
</kw>
<kw name="Encerra sessão" library="base" type="TEARDOWN">
<kw name="Capture Page Screenshot" library="SeleniumLibrary">
<doc>Takes a screenshot of the current page and embeds it into a log file.</doc>
<msg timestamp="20211026 08:09:29.837" level="INFO" html="true">&lt;/td&gt;&lt;/tr&gt;&lt;tr&gt;&lt;td colspan="3"&gt;&lt;a href="selenium-screenshot-13.png"&gt;&lt;img src="selenium-screenshot-13.png" width="800px"&gt;&lt;/a&gt;</msg>
<status status="PASS" starttime="20211026 08:09:29.668" endtime="20211026 08:09:29.837"/>
</kw>
<kw name="Close Browser" library="SeleniumLibrary">
<doc>Closes the current browser.</doc>
<status status="PASS" starttime="20211026 08:09:29.837" endtime="20211026 08:09:31.892"/>
</kw>
<status status="PASS" starttime="20211026 08:09:29.668" endtime="20211026 08:09:31.892"/>
</kw>
<status status="PASS" starttime="20211026 08:09:26.831" endtime="20211026 08:09:31.892"/>
</test>
<test id="s1-t2" name="Selecionar pelo valor e validar pelo texto">
<kw name="Nova sessão" library="base" type="SETUP">
<kw name="Open Browser" library="SeleniumLibrary">
<arg>${url}</arg>
<arg>chrome</arg>
<doc>Opens a new browser instance to the optional ``url``.</doc>
<msg timestamp="20211026 08:09:31.894" level="INFO">Opening browser 'chrome' to base url 'https://training-wheels-protocol.herokuapp.com'.</msg>
<status status="PASS" starttime="20211026 08:09:31.893" endtime="20211026 08:09:34.355"/>
</kw>
<status status="PASS" starttime="20211026 08:09:31.893" endtime="20211026 08:09:34.355"/>
</kw>
<kw name="Go To" library="SeleniumLibrary">
<arg>${url}/dropdown</arg>
<doc>Navigates the current browser window to the provided ``url``.</doc>
<msg timestamp="20211026 08:09:34.355" level="INFO">Opening url 'https://training-wheels-protocol.herokuapp.com/dropdown'</msg>
<status status="PASS" starttime="20211026 08:09:34.355" endtime="20211026 08:09:34.499"/>
</kw>
<kw name="Select From List By Value" library="SeleniumLibrary">
<arg>id:dropdown</arg>
<arg>6</arg>
<doc>Selects options from selection list ``locator`` by ``values``.</doc>
<msg timestamp="20211026 08:09:34.499" level="INFO">Selecting options from selection list 'id:dropdown' by value 6.</msg>
<status status="PASS" starttime="20211026 08:09:34.499" endtime="20211026 08:09:34.554"/>
</kw>
<kw name="Get Selected List Label" library="SeleniumLibrary">
<var>${selected}</var>
<arg>id:dropdown</arg>
<doc>Returns the label of selected option from selection list ``locator``.</doc>
<msg timestamp="20211026 08:09:34.597" level="INFO">${selected} = Loki</msg>
<status status="PASS" starttime="20211026 08:09:34.555" endtime="20211026 08:09:34.597"/>
</kw>
<kw name="Should Be Equal" library="BuiltIn">
<arg>${selected}</arg>
<arg>Loki</arg>
<doc>Fails if the given objects are unequal.</doc>
<status status="PASS" starttime="20211026 08:09:34.597" endtime="20211026 08:09:34.597"/>
</kw>
<kw name="Encerra sessão" library="base" type="TEARDOWN">
<kw name="Capture Page Screenshot" library="SeleniumLibrary">
<doc>Takes a screenshot of the current page and embeds it into a log file.</doc>
<msg timestamp="20211026 08:09:34.785" level="INFO" html="true">&lt;/td&gt;&lt;/tr&gt;&lt;tr&gt;&lt;td colspan="3"&gt;&lt;a href="selenium-screenshot-14.png"&gt;&lt;img src="selenium-screenshot-14.png" width="800px"&gt;&lt;/a&gt;</msg>
<status status="PASS" starttime="20211026 08:09:34.598" endtime="20211026 08:09:34.785"/>
</kw>
<kw name="Close Browser" library="SeleniumLibrary">
<doc>Closes the current browser.</doc>
<status status="PASS" starttime="20211026 08:09:34.785" endtime="20211026 08:09:36.825"/>
</kw>
<status status="PASS" starttime="20211026 08:09:34.598" endtime="20211026 08:09:36.825"/>
</kw>
<status status="PASS" starttime="20211026 08:09:31.893" endtime="20211026 08:09:36.825"/>
</test>
<status status="PASS" starttime="20211026 08:09:26.690" endtime="20211026 08:09:36.826"/>
</suite>
<statistics>
<total>
<stat pass="2" fail="0" skip="0">All Tests</stat>
</total>
<tag>
</tag>
<suite>
<stat pass="2" fail="0" skip="0" id="s1" name="Select">Select</stat>
</suite>
</statistics>
<errors>
</errors>
</robot>
