<?xml version="1.0" encoding="UTF-8"?>
<robot generator="Robot 4.1.2 (Python 3.9.7 on win32)" generated="20211024 10:30:09.282" rpa="false" schemaversion="2">
<suite id="s1" name="Checkbox" source="C:\luiz\robot\web\checkbox.robot">
<test id="s1-t1" name="Marcando opção com Id">
<kw name="Nova sessão" type="SETUP">
<kw name="Open Browser" library="SeleniumLibrary">
<arg>${url}</arg>
<arg>chrome</arg>
<doc>Opens a new browser instance to the optional ``url``.</doc>
<msg timestamp="20211024 10:30:09.421" level="INFO">Opening browser 'chrome' to base url 'https://training-wheels-protocol.herokuapp.com'.</msg>
<status status="PASS" starttime="20211024 10:30:09.421" endtime="20211024 10:30:12.152"/>
</kw>
<status status="PASS" starttime="20211024 10:30:09.420" endtime="20211024 10:30:12.152"/>
</kw>
<kw name="Go To" library="SeleniumLibrary">
<arg>${url}/checkboxes</arg>
<doc>Navigates the current browser window to the provided ``url``.</doc>
<msg timestamp="20211024 10:30:12.153" level="INFO">Opening url 'https://training-wheels-protocol.herokuapp.com/checkboxes'</msg>
<status status="PASS" starttime="20211024 10:30:12.153" endtime="20211024 10:30:12.339"/>
</kw>
<kw name="Select Checkbox" library="SeleniumLibrary">
<arg>${check_thor}</arg>
<doc>Selects the checkbox identified by ``locator``.</doc>
<msg timestamp="20211024 10:30:12.339" level="INFO">Selecting checkbox 'id:thor'.</msg>
<status status="PASS" starttime="20211024 10:30:12.339" endtime="20211024 10:30:12.378"/>
</kw>
<kw name="Checkbox Should Be Selected" library="SeleniumLibrary">
<arg>${check_thor}</arg>
<doc>Verifies checkbox ``locator`` is selected/checked.</doc>
<msg timestamp="20211024 10:30:12.378" level="INFO">Verifying checkbox 'id:thor' is selected.</msg>
<status status="PASS" starttime="20211024 10:30:12.378" endtime="20211024 10:30:12.392"/>
</kw>
<kw name="Encerra sessão" type="TEARDOWN">
<kw name="Close Browser" library="SeleniumLibrary">
<doc>Closes the current browser.</doc>
<status status="PASS" starttime="20211024 10:30:12.393" endtime="20211024 10:30:14.449"/>
</kw>
<status status="PASS" starttime="20211024 10:30:12.393" endtime="20211024 10:30:14.449"/>
</kw>
<status status="PASS" starttime="20211024 10:30:09.420" endtime="20211024 10:30:14.450"/>
</test>
<test id="s1-t2" name="Marcando opção comCSS Selector">
<kw name="Nova sessão" type="SETUP">
<kw name="Open Browser" library="SeleniumLibrary">
<arg>${url}</arg>
<arg>chrome</arg>
<doc>Opens a new browser instance to the optional ``url``.</doc>
<msg timestamp="20211024 10:30:14.451" level="INFO">Opening browser 'chrome' to base url 'https://training-wheels-protocol.herokuapp.com'.</msg>
<status status="PASS" starttime="20211024 10:30:14.451" endtime="20211024 10:30:16.926"/>
</kw>
<status status="PASS" starttime="20211024 10:30:14.450" endtime="20211024 10:30:16.926"/>
</kw>
<kw name="Go To" library="SeleniumLibrary">
<arg>${url}/checkboxes</arg>
<doc>Navigates the current browser window to the provided ``url``.</doc>
<msg timestamp="20211024 10:30:16.927" level="INFO">Opening url 'https://training-wheels-protocol.herokuapp.com/checkboxes'</msg>
<status status="PASS" starttime="20211024 10:30:16.927" endtime="20211024 10:30:17.085"/>
</kw>
<kw name="Select Checkbox" library="SeleniumLibrary">
<arg>${check_iron}</arg>
<doc>Selects the checkbox identified by ``locator``.</doc>
<msg timestamp="20211024 10:30:17.085" level="INFO">Selecting checkbox 'css:input[value='iron-man''.</msg>
<status status="PASS" starttime="20211024 10:30:17.085" endtime="20211024 10:30:17.152"/>
</kw>
<kw name="Checkbox Should Be Selected" library="SeleniumLibrary">
<arg>${check_iron}</arg>
<doc>Verifies checkbox ``locator`` is selected/checked.</doc>
<msg timestamp="20211024 10:30:17.153" level="INFO">Verifying checkbox 'css:input[value='iron-man'' is selected.</msg>
<status status="PASS" starttime="20211024 10:30:17.153" endtime="20211024 10:30:17.168"/>
</kw>
<kw name="Encerra sessão" type="TEARDOWN">
<kw name="Close Browser" library="SeleniumLibrary">
<doc>Closes the current browser.</doc>
<status status="PASS" starttime="20211024 10:30:17.169" endtime="20211024 10:30:19.216"/>
</kw>
<status status="PASS" starttime="20211024 10:30:17.169" endtime="20211024 10:30:19.216"/>
</kw>
<status status="PASS" starttime="20211024 10:30:14.450" endtime="20211024 10:30:19.216"/>
</test>
<test id="s1-t3" name="Marcando opção com Xpath">
<kw name="Nova sessão" type="SETUP">
<kw name="Open Browser" library="SeleniumLibrary">
<arg>${url}</arg>
<arg>chrome</arg>
<doc>Opens a new browser instance to the optional ``url``.</doc>
<msg timestamp="20211024 10:30:19.218" level="INFO">Opening browser 'chrome' to base url 'https://training-wheels-protocol.herokuapp.com'.</msg>
<status status="PASS" starttime="20211024 10:30:19.217" endtime="20211024 10:30:21.717"/>
</kw>
<status status="PASS" starttime="20211024 10:30:19.217" endtime="20211024 10:30:21.717"/>
</kw>
<kw name="Go To" library="SeleniumLibrary">
<arg>${url}/checkboxes</arg>
<doc>Navigates the current browser window to the provided ``url``.</doc>
<msg timestamp="20211024 10:30:21.718" level="INFO">Opening url 'https://training-wheels-protocol.herokuapp.com/checkboxes'</msg>
<status status="PASS" starttime="20211024 10:30:21.718" endtime="20211024 10:30:21.906"/>
</kw>
<kw name="Select Checkbox" library="SeleniumLibrary">
<arg>${check_panther}</arg>
<doc>Selects the checkbox identified by ``locator``.</doc>
<msg timestamp="20211024 10:30:21.907" level="INFO">Selecting checkbox 'xpath://*[@id='checkboxes']/input[7]'.</msg>
<status status="PASS" starttime="20211024 10:30:21.906" endtime="20211024 10:30:21.948"/>
</kw>
<kw name="Checkbox Should Be Selected" library="SeleniumLibrary">
<arg>${check_panther}</arg>
<doc>Verifies checkbox ``locator`` is selected/checked.</doc>
<msg timestamp="20211024 10:30:21.949" level="INFO">Verifying checkbox 'xpath://*[@id='checkboxes']/input[7]' is selected.</msg>
<status status="PASS" starttime="20211024 10:30:21.948" endtime="20211024 10:30:21.964"/>
</kw>
<kw name="Encerra sessão" type="TEARDOWN">
<kw name="Close Browser" library="SeleniumLibrary">
<doc>Closes the current browser.</doc>
<status status="PASS" starttime="20211024 10:30:21.964" endtime="20211024 10:30:24.022"/>
</kw>
<status status="PASS" starttime="20211024 10:30:21.964" endtime="20211024 10:30:24.022"/>
</kw>
<tag>ironman</tag>
<status status="PASS" starttime="20211024 10:30:19.217" endtime="20211024 10:30:24.022"/>
</test>
<status status="PASS" starttime="20211024 10:30:09.283" endtime="20211024 10:30:24.023"/>
</suite>
<statistics>
<total>
<stat pass="3" fail="0" skip="0">All Tests</stat>
</total>
<tag>
<stat pass="1" fail="0" skip="0">ironman</stat>
</tag>
<suite>
<stat pass="3" fail="0" skip="0" id="s1" name="Checkbox">Checkbox</stat>
</suite>
</statistics>
<errors>
</errors>
</robot>
