<?xml version="1.0" encoding="UTF-8"?>
<robot generator="Robot 4.1.2 (Python 3.9.7 on win32)" generated="20211024 14:09:31.620" rpa="false" schemaversion="2">
<suite id="s1" name="Radio" source="C:\luiz\robot\web\tests\radio.robot">
<test id="s1-t1" name="Selecionando por id:">
<kw name="Nova sessão" library="base" type="SETUP">
<kw name="Open Browser" library="SeleniumLibrary">
<arg>${url}</arg>
<arg>chrome</arg>
<doc>Opens a new browser instance to the optional ``url``.</doc>
<msg timestamp="20211024 14:09:31.761" level="INFO">Opening browser 'chrome' to base url 'https://training-wheels-protocol.herokuapp.com'.</msg>
<status status="PASS" starttime="20211024 14:09:31.761" endtime="20211024 14:09:34.288"/>
</kw>
<status status="PASS" starttime="20211024 14:09:31.761" endtime="20211024 14:09:34.289"/>
</kw>
<kw name="Go To" library="SeleniumLibrary">
<arg>${url}/radios</arg>
<doc>Navigates the current browser window to the provided ``url``.</doc>
<msg timestamp="20211024 14:09:34.289" level="INFO">Opening url 'https://training-wheels-protocol.herokuapp.com/radios'</msg>
<status status="PASS" starttime="20211024 14:09:34.289" endtime="20211024 14:09:34.514"/>
</kw>
<kw name="Select Radio Button" library="SeleniumLibrary">
<arg>movies</arg>
<arg>Cap</arg>
<doc>Sets the radio button group ``group_name`` to ``value``.</doc>
<msg timestamp="20211024 14:09:34.515" level="INFO">Selecting 'Cap' from radio button 'movies'.</msg>
<kw name="Capture Page Screenshot" library="SeleniumLibrary">
<doc>Takes a screenshot of the current page and embeds it into a log file.</doc>
<msg timestamp="20211024 14:09:34.635" level="INFO" html="true">&lt;/td&gt;&lt;/tr&gt;&lt;tr&gt;&lt;td colspan="3"&gt;&lt;a href="selenium-screenshot-4.png"&gt;&lt;img src="selenium-screenshot-4.png" width="800px"&gt;&lt;/a&gt;</msg>
<status status="PASS" starttime="20211024 14:09:34.521" endtime="20211024 14:09:34.635"/>
</kw>
<msg timestamp="20211024 14:09:34.637" level="FAIL">No radio button with name 'movies' and value 'Cap' found.</msg>
<status status="FAIL" starttime="20211024 14:09:34.515" endtime="20211024 14:09:34.637"/>
</kw>
<kw name="Radio Button Should Be Set To" library="SeleniumLibrary">
<arg>movies</arg>
<arg>cap</arg>
<doc>Verifies radio button group ``group_name`` is set to ``value``.</doc>
<status status="NOT RUN" starttime="20211024 14:09:34.637" endtime="20211024 14:09:34.637"/>
</kw>
<kw name="Encerra sessão" library="base" type="TEARDOWN">
<kw name="Capture Page Screenshot" library="SeleniumLibrary">
<doc>Takes a screenshot of the current page and embeds it into a log file.</doc>
<msg timestamp="20211024 14:09:34.718" level="INFO" html="true">&lt;/td&gt;&lt;/tr&gt;&lt;tr&gt;&lt;td colspan="3"&gt;&lt;a href="selenium-screenshot-5.png"&gt;&lt;img src="selenium-screenshot-5.png" width="800px"&gt;&lt;/a&gt;</msg>
<status status="PASS" starttime="20211024 14:09:34.638" endtime="20211024 14:09:34.719"/>
</kw>
<kw name="Close Browser" library="SeleniumLibrary">
<doc>Closes the current browser.</doc>
<status status="PASS" starttime="20211024 14:09:34.719" endtime="20211024 14:09:36.767"/>
</kw>
<status status="PASS" starttime="20211024 14:09:34.637" endtime="20211024 14:09:36.767"/>
</kw>
<status status="FAIL" starttime="20211024 14:09:31.761" endtime="20211024 14:09:36.767">No radio button with name 'movies' and value 'Cap' found.</status>
</test>
<status status="FAIL" starttime="20211024 14:09:31.621" endtime="20211024 14:09:36.768"/>
</suite>
<statistics>
<total>
<stat pass="0" fail="1" skip="0">All Tests</stat>
</total>
<tag>
</tag>
<suite>
<stat pass="0" fail="1" skip="0" id="s1" name="Radio">Radio</stat>
</suite>
</statistics>
<errors>
</errors>
</robot>
