<?xml version="1.0" encoding="UTF-8"?>
<robot generator="Robot 4.1.2 (Python 3.9.7 on win32)" generated="20211026 08:39:02.903" rpa="false" schemaversion="2">
<suite id="s1" name="Tables" source="C:\luiz\robot\web\tests\tables.robot">
<test id="s1-t1" name="Verifica o valor ao informar o numero da linha">
<kw name="Nova sessão" library="base" type="SETUP">
<kw name="Open Browser" library="SeleniumLibrary">
<arg>${url}</arg>
<arg>chrome</arg>
<doc>Opens a new browser instance to the optional ``url``.</doc>
<msg timestamp="20211026 08:39:03.049" level="INFO">Opening browser 'chrome' to base url 'https://training-wheels-protocol.herokuapp.com'.</msg>
<status status="PASS" starttime="20211026 08:39:03.048" endtime="20211026 08:39:05.586"/>
</kw>
<status status="PASS" starttime="20211026 08:39:03.048" endtime="20211026 08:39:05.586"/>
</kw>
<kw name="Go To" library="SeleniumLibrary">
<arg>${url}/tables</arg>
<doc>Navigates the current browser window to the provided ``url``.</doc>
<msg timestamp="20211026 08:39:05.587" level="INFO">Opening url 'https://training-wheels-protocol.herokuapp.com/tables'</msg>
<status status="PASS" starttime="20211026 08:39:05.587" endtime="20211026 08:39:05.818"/>
</kw>
<kw name="Table Row Should Contain" library="SeleniumLibrary">
<arg>id:actors</arg>
<arg>1</arg>
<arg>@robertdowneyjr</arg>
<doc>Verifies that table row contains text ``expected``.</doc>
<status status="PASS" starttime="20211026 08:39:05.819" endtime="20211026 08:39:05.854"/>
</kw>
<kw name="Encerra sessão" library="base" type="TEARDOWN">
<kw name="Capture Page Screenshot" library="SeleniumLibrary">
<doc>Takes a screenshot of the current page and embeds it into a log file.</doc>
<msg timestamp="20211026 08:39:05.952" level="INFO" html="true">&lt;/td&gt;&lt;/tr&gt;&lt;tr&gt;&lt;td colspan="3"&gt;&lt;a href="selenium-screenshot-15.png"&gt;&lt;img src="selenium-screenshot-15.png" width="800px"&gt;&lt;/a&gt;</msg>
<status status="PASS" starttime="20211026 08:39:05.855" endtime="20211026 08:39:05.953"/>
</kw>
<kw name="Close Browser" library="SeleniumLibrary">
<doc>Closes the current browser.</doc>
<status status="PASS" starttime="20211026 08:39:05.953" endtime="20211026 08:39:08.011"/>
</kw>
<status status="PASS" starttime="20211026 08:39:05.854" endtime="20211026 08:39:08.011"/>
</kw>
<status status="PASS" starttime="20211026 08:39:03.048" endtime="20211026 08:39:08.011"/>
</test>
<test id="s1-t2" name="Descobre a linha pelo texto chave e valida os demais valores">
<kw name="Nova sessão" library="base" type="SETUP">
<kw name="Open Browser" library="SeleniumLibrary">
<arg>${url}</arg>
<arg>chrome</arg>
<doc>Opens a new browser instance to the optional ``url``.</doc>
<msg timestamp="20211026 08:39:08.013" level="INFO">Opening browser 'chrome' to base url 'https://training-wheels-protocol.herokuapp.com'.</msg>
<status status="PASS" starttime="20211026 08:39:08.012" endtime="20211026 08:39:10.568"/>
</kw>
<status status="PASS" starttime="20211026 08:39:08.012" endtime="20211026 08:39:10.568"/>
</kw>
<kw name="Go To" library="SeleniumLibrary">
<arg>${url}/tables</arg>
<doc>Navigates the current browser window to the provided ``url``.</doc>
<msg timestamp="20211026 08:39:10.569" level="INFO">Opening url 'https://training-wheels-protocol.herokuapp.com/tables'</msg>
<status status="PASS" starttime="20211026 08:39:10.569" endtime="20211026 08:39:10.795"/>
</kw>
<kw name="Get WebElement" library="SeleniumLibrary">
<var>${target}</var>
<arg>xpath:.//tr[contains(., '@chadwickboseman')]</arg>
<doc>Returns the first WebElement matching the given ``locator``.</doc>
<msg timestamp="20211026 08:39:10.802" level="INFO">${target} = &lt;selenium.webdriver.remote.webelement.WebElement (session="8026d67d7eb8edffb2ea01e54e3cbfee", element="20bbb343-aa61-4a5f-98cc-70a81bbbe609")&gt;</msg>
<status status="PASS" starttime="20211026 08:39:10.796" endtime="20211026 08:39:10.802"/>
</kw>
<kw name="Log" library="BuiltIn">
<arg>${target.text}</arg>
<doc>Logs the given message with the given level.</doc>
<msg timestamp="20211026 08:39:10.811" level="INFO">Chadwick Boseman Pantera Negra Vingadores $ 700.000 @chadwickboseman edit delete</msg>
<status status="PASS" starttime="20211026 08:39:10.803" endtime="20211026 08:39:10.811"/>
</kw>
<kw name="Log To Console" library="BuiltIn">
<arg>${target.text}</arg>
<doc>Logs the given message to the console.</doc>
<status status="PASS" starttime="20211026 08:39:10.811" endtime="20211026 08:39:10.816"/>
</kw>
<kw name="Should Contain" library="BuiltIn">
<arg>${target.text}</arg>
<arg>$ 700.000</arg>
<doc>Fails if ``container`` does not contain ``item`` one or more times.</doc>
<status status="PASS" starttime="20211026 08:39:10.816" endtime="20211026 08:39:10.820"/>
</kw>
<kw name="Should Contain" library="BuiltIn">
<arg>${target.text}</arg>
<arg>Pantera Negra</arg>
<doc>Fails if ``container`` does not contain ``item`` one or more times.</doc>
<status status="PASS" starttime="20211026 08:39:10.821" endtime="20211026 08:39:10.824"/>
</kw>
<kw name="Encerra sessão" library="base" type="TEARDOWN">
<kw name="Capture Page Screenshot" library="SeleniumLibrary">
<doc>Takes a screenshot of the current page and embeds it into a log file.</doc>
<msg timestamp="20211026 08:39:10.917" level="INFO" html="true">&lt;/td&gt;&lt;/tr&gt;&lt;tr&gt;&lt;td colspan="3"&gt;&lt;a href="selenium-screenshot-16.png"&gt;&lt;img src="selenium-screenshot-16.png" width="800px"&gt;&lt;/a&gt;</msg>
<status status="PASS" starttime="20211026 08:39:10.825" endtime="20211026 08:39:10.917"/>
</kw>
<kw name="Close Browser" library="SeleniumLibrary">
<doc>Closes the current browser.</doc>
<status status="PASS" starttime="20211026 08:39:10.917" endtime="20211026 08:39:12.966"/>
</kw>
<status status="PASS" starttime="20211026 08:39:10.825" endtime="20211026 08:39:12.966"/>
</kw>
<status status="PASS" starttime="20211026 08:39:08.012" endtime="20211026 08:39:12.966"/>
</test>
<status status="PASS" starttime="20211026 08:39:02.905" endtime="20211026 08:39:12.967"/>
</suite>
<statistics>
<total>
<stat pass="2" fail="0" skip="0">All Tests</stat>
</total>
<tag>
</tag>
<suite>
<stat pass="2" fail="0" skip="0" id="s1" name="Tables">Tables</stat>
</suite>
</statistics>
<errors>
</errors>
</robot>
