<?xml version="1.0" encoding="UTF-8"?>
<robot generator="Robot 4.1.2 (Python 3.9.7 on win32)" generated="20211024 11:41:44.096" rpa="false" schemaversion="2">
<suite id="s1" name="Tests" source="C:\luiz\robot\web\tests">
<suite id="s1-s1" name="Checkbox" source="C:\luiz\robot\web\tests\checkbox.robot">
<test id="s1-s1-t1" name="Marcando opção com Id">
<kw name="Nova sessão" library="base" type="SETUP">
<kw name="Open Browser" library="SeleniumLibrary">
<arg>${url}</arg>
<arg>chrome</arg>
<doc>Opens a new browser instance to the optional ``url``.</doc>
<msg timestamp="20211024 11:41:44.239" level="INFO">Opening browser 'chrome' to base url 'https://training-wheels-protocol.herokuapp.com'.</msg>
<status status="PASS" starttime="20211024 11:41:44.239" endtime="20211024 11:41:46.761"/>
</kw>
<status status="PASS" starttime="20211024 11:41:44.238" endtime="20211024 11:41:46.761"/>
</kw>
<kw name="Go To" library="SeleniumLibrary">
<arg>${url}/checkboxes</arg>
<doc>Navigates the current browser window to the provided ``url``.</doc>
<msg timestamp="20211024 11:41:46.761" level="INFO">Opening url 'https://training-wheels-protocol.herokuapp.com/checkboxes'</msg>
<status status="PASS" starttime="20211024 11:41:46.761" endtime="20211024 11:41:46.944"/>
</kw>
<kw name="Select Checkbox" library="SeleniumLibrary">
<arg>${check_thor}</arg>
<doc>Selects the checkbox identified by ``locator``.</doc>
<msg timestamp="20211024 11:41:46.944" level="INFO">Selecting checkbox 'id:thor'.</msg>
<status status="PASS" starttime="20211024 11:41:46.944" endtime="20211024 11:41:46.983"/>
</kw>
<kw name="Checkbox Should Be Selected" library="SeleniumLibrary">
<arg>${check_thor}</arg>
<doc>Verifies checkbox ``locator`` is selected/checked.</doc>
<msg timestamp="20211024 11:41:46.983" level="INFO">Verifying checkbox 'id:thor' is selected.</msg>
<status status="PASS" starttime="20211024 11:41:46.983" endtime="20211024 11:41:46.999"/>
</kw>
<kw name="Encerra sessão" library="base" type="TEARDOWN">
<kw name="Close Browser" library="SeleniumLibrary">
<doc>Closes the current browser.</doc>
<status status="PASS" starttime="20211024 11:41:46.999" endtime="20211024 11:41:49.041"/>
</kw>
<status status="PASS" starttime="20211024 11:41:46.999" endtime="20211024 11:41:49.041"/>
</kw>
<status status="PASS" starttime="20211024 11:41:44.238" endtime="20211024 11:41:49.041"/>
</test>
<test id="s1-s1-t2" name="Marcando opção comCSS Selector">
<kw name="Nova sessão" library="base" type="SETUP">
<kw name="Open Browser" library="SeleniumLibrary">
<arg>${url}</arg>
<arg>chrome</arg>
<doc>Opens a new browser instance to the optional ``url``.</doc>
<msg timestamp="20211024 11:41:49.043" level="INFO">Opening browser 'chrome' to base url 'https://training-wheels-protocol.herokuapp.com'.</msg>
<status status="PASS" starttime="20211024 11:41:49.042" endtime="20211024 11:41:51.587"/>
</kw>
<status status="PASS" starttime="20211024 11:41:49.042" endtime="20211024 11:41:51.587"/>
</kw>
<kw name="Go To" library="SeleniumLibrary">
<arg>${url}/checkboxes</arg>
<doc>Navigates the current browser window to the provided ``url``.</doc>
<msg timestamp="20211024 11:41:51.587" level="INFO">Opening url 'https://training-wheels-protocol.herokuapp.com/checkboxes'</msg>
<status status="PASS" starttime="20211024 11:41:51.587" endtime="20211024 11:41:51.767"/>
</kw>
<kw name="Select Checkbox" library="SeleniumLibrary">
<arg>${check_iron}</arg>
<doc>Selects the checkbox identified by ``locator``.</doc>
<msg timestamp="20211024 11:41:51.767" level="INFO">Selecting checkbox 'css:input[value='iron-man''.</msg>
<status status="PASS" starttime="20211024 11:41:51.767" endtime="20211024 11:41:51.808"/>
</kw>
<kw name="Checkbox Should Be Selected" library="SeleniumLibrary">
<arg>${check_iron}</arg>
<doc>Verifies checkbox ``locator`` is selected/checked.</doc>
<msg timestamp="20211024 11:41:51.809" level="INFO">Verifying checkbox 'css:input[value='iron-man'' is selected.</msg>
<status status="PASS" starttime="20211024 11:41:51.808" endtime="20211024 11:41:51.823"/>
</kw>
<kw name="Encerra sessão" library="base" type="TEARDOWN">
<kw name="Close Browser" library="SeleniumLibrary">
<doc>Closes the current browser.</doc>
<status status="PASS" starttime="20211024 11:41:51.824" endtime="20211024 11:41:53.868"/>
</kw>
<status status="PASS" starttime="20211024 11:41:51.824" endtime="20211024 11:41:53.868"/>
</kw>
<status status="PASS" starttime="20211024 11:41:49.042" endtime="20211024 11:41:53.868"/>
</test>
<test id="s1-s1-t3" name="Marcando opção com Xpath">
<kw name="Nova sessão" library="base" type="SETUP">
<kw name="Open Browser" library="SeleniumLibrary">
<arg>${url}</arg>
<arg>chrome</arg>
<doc>Opens a new browser instance to the optional ``url``.</doc>
<msg timestamp="20211024 11:41:53.870" level="INFO">Opening browser 'chrome' to base url 'https://training-wheels-protocol.herokuapp.com'.</msg>
<status status="PASS" starttime="20211024 11:41:53.869" endtime="20211024 11:41:56.456"/>
</kw>
<status status="PASS" starttime="20211024 11:41:53.869" endtime="20211024 11:41:56.456"/>
</kw>
<kw name="Go To" library="SeleniumLibrary">
<arg>${url}/checkboxes</arg>
<doc>Navigates the current browser window to the provided ``url``.</doc>
<msg timestamp="20211024 11:41:56.457" level="INFO">Opening url 'https://training-wheels-protocol.herokuapp.com/checkboxes'</msg>
<status status="PASS" starttime="20211024 11:41:56.457" endtime="20211024 11:41:56.602"/>
</kw>
<kw name="Select Checkbox" library="SeleniumLibrary">
<arg>${check_panther}</arg>
<doc>Selects the checkbox identified by ``locator``.</doc>
<msg timestamp="20211024 11:41:56.602" level="INFO">Selecting checkbox 'xpath://*[@id='checkboxes']/input[7]'.</msg>
<status status="PASS" starttime="20211024 11:41:56.602" endtime="20211024 11:41:56.673"/>
</kw>
<kw name="Checkbox Should Be Selected" library="SeleniumLibrary">
<arg>${check_panther}</arg>
<doc>Verifies checkbox ``locator`` is selected/checked.</doc>
<msg timestamp="20211024 11:41:56.673" level="INFO">Verifying checkbox 'xpath://*[@id='checkboxes']/input[7]' is selected.</msg>
<status status="PASS" starttime="20211024 11:41:56.673" endtime="20211024 11:41:56.688"/>
</kw>
<kw name="Encerra sessão" library="base" type="TEARDOWN">
<kw name="Close Browser" library="SeleniumLibrary">
<doc>Closes the current browser.</doc>
<status status="PASS" starttime="20211024 11:41:56.688" endtime="20211024 11:41:58.743"/>
</kw>
<status status="PASS" starttime="20211024 11:41:56.688" endtime="20211024 11:41:58.743"/>
</kw>
<tag>ironman</tag>
<status status="PASS" starttime="20211024 11:41:53.869" endtime="20211024 11:41:58.743"/>
</test>
<status status="PASS" starttime="20211024 11:41:44.112" endtime="20211024 11:41:58.744"/>
</suite>
<suite id="s1-s2" name="Title" source="C:\luiz\robot\web\tests\title.robot">
<test id="s1-s2-t1" name="Should See Page Title">
<kw name="Nova sessão" library="base" type="SETUP">
<kw name="Open Browser" library="SeleniumLibrary">
<arg>${url}</arg>
<arg>chrome</arg>
<doc>Opens a new browser instance to the optional ``url``.</doc>
<msg timestamp="20211024 11:41:58.748" level="INFO">Opening browser 'chrome' to base url 'https://training-wheels-protocol.herokuapp.com'.</msg>
<status status="PASS" starttime="20211024 11:41:58.748" endtime="20211024 11:42:01.190"/>
</kw>
<status status="PASS" starttime="20211024 11:41:58.748" endtime="20211024 11:42:01.190"/>
</kw>
<kw name="Title Should Be" library="SeleniumLibrary">
<arg>Training Wheels Protocol</arg>
<doc>Verifies that the current page title equals ``title``.</doc>
<msg timestamp="20211024 11:42:01.192" level="INFO">Page title is 'Training Wheels Protocol'.</msg>
<status status="PASS" starttime="20211024 11:42:01.190" endtime="20211024 11:42:01.192"/>
</kw>
<kw name="Encerra sessão" library="base" type="TEARDOWN">
<kw name="Close Browser" library="SeleniumLibrary">
<doc>Closes the current browser.</doc>
<status status="PASS" starttime="20211024 11:42:01.193" endtime="20211024 11:42:03.248"/>
</kw>
<status status="PASS" starttime="20211024 11:42:01.192" endtime="20211024 11:42:03.248"/>
</kw>
<status status="PASS" starttime="20211024 11:41:58.747" endtime="20211024 11:42:03.248"/>
</test>
<status status="PASS" starttime="20211024 11:41:58.745" endtime="20211024 11:42:03.249"/>
</suite>
<status status="PASS" starttime="20211024 11:41:44.097" endtime="20211024 11:42:03.250"/>
</suite>
<statistics>
<total>
<stat pass="4" fail="0" skip="0">All Tests</stat>
</total>
<tag>
<stat pass="1" fail="0" skip="0">ironman</stat>
</tag>
<suite>
<stat pass="4" fail="0" skip="0" id="s1" name="Tests">Tests</stat>
<stat pass="3" fail="0" skip="0" id="s1-s1" name="Checkbox">Tests.Checkbox</stat>
<stat pass="1" fail="0" skip="0" id="s1-s2" name="Title">Tests.Title</stat>
</suite>
</statistics>
<errors>
</errors>
</robot>
